<?xml version="1.0" encoding="UTF-8"?>
<!-- Generated by org.testng.reporters.JUnitReportReporter -->
<testsuite hostname="Jaleel" failures="0" tests="1" name="testCases.TC_001_RegisterUser" time="8.089" errors="0" timestamp="2025-10-13T13:30:26 IST" skipped="0">
  <testcase classname="testCases.TC_001_RegisterUser" name="RegisterUser" time="8.089"/>
</testsuite> <!-- testCases.TC_001_RegisterUser -->
