<?xml version="1.0" encoding="UTF-8"?>
<!-- Generated by org.testng.reporters.JUnitReportReporter -->
<testsuite hostname="Jaleel" failures="0" tests="1" name="testCases.TC_003_Login_InValidCredentials" time="4.059" errors="0" timestamp="2025-10-14T15:50:00 IST" skipped="0">
  <testcase classname="testCases.TC_003_Login_InValidCredentials" name="LoginWithInvalidCredentials" time="4.059"/>
</testsuite> <!-- testCases.TC_003_Login_InValidCredentials -->
