<?xml version="1.0" encoding="UTF-8"?>
<!-- Generated by org.testng.reporters.JUnitReportReporter -->
<testsuite hostname="Jaleel" failures="0" tests="1" name="testCases.TC_004_LogoutUser" time="8.944" errors="0" timestamp="2025-10-15T12:56:10 IST" skipped="0">
  <testcase classname="testCases.TC_004_LogoutUser" name="LogoutUser" time="8.944"/>
</testsuite> <!-- testCases.TC_004_LogoutUser -->
