<?xml version="1.0" encoding="UTF-8"?>
<!-- Generated by org.testng.reporters.JUnitReportReporter -->
<testsuite hostname="Jaleel" failures="0" tests="1" name="testCases.TC_004_LogoutUser" time="9.171" errors="0" timestamp="2025-10-15T14:14:54 IST" skipped="0">
  <testcase classname="testCases.TC_004_LogoutUser" name="LogoutUser" time="9.171"/>
</testsuite> <!-- testCases.TC_004_LogoutUser -->
