<?xml version="1.0" encoding="UTF-8"?>
<!-- Generated by org.testng.reporters.JUnitReportReporter -->
<testsuite hostname="Jaleel" failures="0" tests="1" name="testCases.TC_005_RegUser_ExistingEmail" time="5.564" errors="0" timestamp="2025-10-16T15:40:50 IST" skipped="0">
  <testcase classname="testCases.TC_005_RegUser_ExistingEmail" name="RegUserWithExistingEmail" time="5.564"/>
</testsuite> <!-- testCases.TC_005_RegUser_ExistingEmail -->
