<?xml version="1.0" encoding="UTF-8"?>
<!-- Generated by org.testng.reporters.JUnitReportReporter -->
<testsuite hostname="Jaleel" failures="0" tests="1" name="testCases.TC_002_Login_ValidCredentials" time="12.939" errors="0" timestamp="2025-10-13T16:26:56 IST" skipped="0">
  <testcase classname="testCases.TC_002_Login_ValidCredentials" name="LoginWithValidCredentials" time="12.939"/>
</testsuite> <!-- testCases.TC_002_Login_ValidCredentials -->
